<?xml version="1.0" encoding="UTF-8"?>
<testng-results skipped="0" failed="1" ignored="0" total="5" passed="4">
  <reporter-output>
  </reporter-output>
  <suite name="Suite" duration-ms="207808" started-at="2018-08-18T13:17:52Z" finished-at="2018-08-18T13:21:20Z">
    <groups>
    </groups>
    <test name="Test" duration-ms="207808" started-at="2018-08-18T13:17:52Z" finished-at="2018-08-18T13:21:20Z">
      <class name="com.hellofresh.challenge.CheckOutTest">
        <test-method status="PASS" signature="CheckOut(java.util.Hashtable)[pri:0, instance:com.hellofresh.challenge.CheckOutTest@5f2108b5]" name="CheckOut" duration-ms="53872" started-at="2018-08-18T13:20:26Z" data-provider="tcdata" finished-at="2018-08-18T13:21:19Z">
          <params>
            <param index="0">
              <value>
                <![CDATA[{RunMode=Y, PWD=12345678, Email=hf_challenge_123456@hf12345.com, Browser=Chrome}]]>
              </value>
            </param>
          </params>
          <reporter-output>
          </reporter-output>
        </test-method> <!-- CheckOut -->
        <test-method status="PASS" signature="setup()[pri:0, instance:com.hellofresh.challenge.CheckOutTest@5f2108b5]" name="setup" is-config="true" duration-ms="0" started-at="2018-08-18T13:20:26Z" finished-at="2018-08-18T13:20:26Z">
          <reporter-output>
          </reporter-output>
        </test-method> <!-- setup -->
        <test-method status="PASS" signature="teardowbn()[pri:0, instance:com.hellofresh.challenge.CheckOutTest@5f2108b5]" name="teardowbn" is-config="true" duration-ms="51" started-at="2018-08-18T13:21:19Z" finished-at="2018-08-18T13:21:19Z">
          <reporter-output>
          </reporter-output>
        </test-method> <!-- teardowbn -->
        <test-method status="PASS" signature="close()[pri:0, instance:com.hellofresh.challenge.CheckOutTest@5f2108b5]" name="close" is-config="true" duration-ms="708" started-at="2018-08-18T13:21:19Z" finished-at="2018-08-18T13:21:20Z">
          <reporter-output>
          </reporter-output>
        </test-method> <!-- close -->
      </class> <!-- com.hellofresh.challenge.CheckOutTest -->
      <class name="com.hellofresh.challenge.SignInTest">
        <test-method status="PASS" signature="signInTest(java.util.Hashtable)[pri:0, instance:com.hellofresh.challenge.SignInTest@5bcab519]" name="signInTest" duration-ms="43491" started-at="2018-08-18T13:17:53Z" data-provider="tcdata" finished-at="2018-08-18T13:18:37Z">
          <params>
            <param index="0">
              <value>
                <![CDATA[{Browser=Chrome, Day=1, mobile=12345123123, Month=1, Name=Firstname, state=Colorado, other=Qwerty, phone=12345123123, Surname=Lastname, PWD=Qwerty, alias=hf, RunMode=Y, Year=2000, add2=zxcvb, city=Qwerty, Company=Company, post=12345, add1=Qwerty, 123}]]>
              </value>
            </param>
          </params>
          <reporter-output>
          </reporter-output>
        </test-method> <!-- signInTest -->
        <test-method status="PASS" signature="setup()[pri:0, instance:com.hellofresh.challenge.SignInTest@5bcab519]" name="setup" is-config="true" duration-ms="0" started-at="2018-08-18T13:17:53Z" finished-at="2018-08-18T13:17:53Z">
          <reporter-output>
          </reporter-output>
        </test-method> <!-- setup -->
        <test-method status="PASS" signature="teardowbn()[pri:0, instance:com.hellofresh.challenge.SignInTest@5bcab519]" name="teardowbn" is-config="true" duration-ms="572" started-at="2018-08-18T13:18:37Z" finished-at="2018-08-18T13:18:37Z">
          <reporter-output>
          </reporter-output>
        </test-method> <!-- teardowbn -->
        <test-method status="PASS" signature="signInTest(java.util.Hashtable)[pri:0, instance:com.hellofresh.challenge.SignInTest@5bcab519]" name="signInTest" duration-ms="19261" started-at="2018-08-18T13:18:37Z" data-provider="tcdata" finished-at="2018-08-18T13:18:56Z">
          <params>
            <param index="0">
              <value>
                <![CDATA[{Browser=Chrome, Day=1, mobile=12345123123, Month=1, Name=rahul, state=Colorado, other=Qwerty, phone=12345123123, Surname=pandit, PWD=Qwebt, alias=hf, RunMode=Y, Year=2000, add2=zxcvb, city=Qwerty, Company=Company, post=12345, add1=Qwerty, 123}]]>
              </value>
            </param>
          </params>
          <reporter-output>
          </reporter-output>
        </test-method> <!-- signInTest -->
        <test-method status="PASS" signature="setup()[pri:0, instance:com.hellofresh.challenge.SignInTest@5bcab519]" name="setup" is-config="true" duration-ms="0" started-at="2018-08-18T13:18:37Z" finished-at="2018-08-18T13:18:37Z">
          <reporter-output>
          </reporter-output>
        </test-method> <!-- setup -->
        <test-method status="PASS" signature="teardowbn()[pri:0, instance:com.hellofresh.challenge.SignInTest@5bcab519]" name="teardowbn" is-config="true" duration-ms="77" started-at="2018-08-18T13:18:56Z" finished-at="2018-08-18T13:18:56Z">
          <reporter-output>
          </reporter-output>
        </test-method> <!-- teardowbn -->
        <test-method status="PASS" signature="close()[pri:0, instance:com.hellofresh.challenge.SignInTest@5bcab519]" name="close" is-config="true" duration-ms="880" started-at="2018-08-18T13:18:56Z" finished-at="2018-08-18T13:18:57Z">
          <reporter-output>
          </reporter-output>
        </test-method> <!-- close -->
      </class> <!-- com.hellofresh.challenge.SignInTest -->
      <class name="com.hellofresh.challenge.VerifyLoginIn">
        <test-method status="PASS" signature="setup()[pri:0, instance:com.hellofresh.challenge.VerifyLoginIn@e45f292]" name="setup" is-config="true" duration-ms="1" started-at="2018-08-18T13:18:57Z" finished-at="2018-08-18T13:18:57Z">
          <reporter-output>
          </reporter-output>
        </test-method> <!-- setup -->
        <test-method status="PASS" signature="VerifyLogin(java.util.Hashtable)[pri:0, instance:com.hellofresh.challenge.VerifyLoginIn@e45f292]" name="VerifyLogin" duration-ms="26760" started-at="2018-08-18T13:18:57Z" data-provider="tcdata" finished-at="2018-08-18T13:19:24Z">
          <params>
            <param index="0">
              <value>
                <![CDATA[{RunMode=Y, PWD=12345678, Email=hf_challenge_123456@hf12345.com, Browser=Chrome, FullName=Joe Black}]]>
              </value>
            </param>
          </params>
          <reporter-output>
          </reporter-output>
        </test-method> <!-- VerifyLogin -->
        <test-method status="PASS" signature="teardowbn()[pri:0, instance:com.hellofresh.challenge.VerifyLoginIn@e45f292]" name="teardowbn" is-config="true" duration-ms="53" started-at="2018-08-18T13:19:24Z" finished-at="2018-08-18T13:19:24Z">
          <reporter-output>
          </reporter-output>
        </test-method> <!-- teardowbn -->
        <test-method status="FAIL" signature="VerifyLogin(java.util.Hashtable)[pri:0, instance:com.hellofresh.challenge.VerifyLoginIn@e45f292]" name="VerifyLogin" duration-ms="60440" started-at="2018-08-18T13:19:24Z" data-provider="tcdata" finished-at="2018-08-18T13:20:25Z">
          <params>
            <param index="0">
              <value>
                <![CDATA[{RunMode=Y, PWD=124552, Email=firstnam@gmail.com, Browser=Chrome, FullName=Sean Jane}]]>
              </value>
            </param>
          </params>
          <exception class="org.openqa.selenium.NoSuchElementException">
            <message>
              <![CDATA[no such element: Unable to locate element: {"method":"class name","selector":"account"}
  (Session info: chrome=68.0.3440.106)
  (Driver info: chromedriver=2.41.578737 (49da6702b16031c40d63e5618de03a32ff6c197e),platform=Windows NT 10.0.10240 x86_64) (WARNING: The server did not provide any stacktrace information)
Command duration or timeout: 0 milliseconds
For documentation on this error, please visit: http://seleniumhq.org/exceptions/no_such_element.html
Build info: version: '3.11.0', revision: 'e59cfb3', time: '2018-03-11T20:26:55.152Z'
System info: host: 'LENOVO', ip: '192.168.43.132', os.name: 'Windows 10', os.arch: 'amd64', os.version: '10.0', java.version: '1.8.0_131'
Driver info: org.openqa.selenium.chrome.ChromeDriver
Capabilities {acceptInsecureCerts: false, acceptSslCerts: false, applicationCacheEnabled: false, browserConnectionEnabled: false, browserName: chrome, chrome: {chromedriverVersion: 2.41.578737 (49da6702b16031..., userDataDir: C:\Users\admin\AppData\Loca...}, cssSelectorsEnabled: true, databaseEnabled: false, goog:chromeOptions: {debuggerAddress: localhost:61216}, handlesAlerts: true, hasTouchScreen: false, javascriptEnabled: true, locationContextEnabled: true, mobileEmulationEnabled: false, nativeEvents: true, networkConnectionEnabled: false, pageLoadStrategy: normal, platform: XP, platformName: XP, rotatable: false, setWindowRect: true, takesHeapSnapshot: true, takesScreenshot: true, unexpectedAlertBehaviour: , unhandledPromptBehavior: , version: 68.0.3440.106, webStorageEnabled: true}
Session ID: e144ea73c63198e78444fae3053a5426
*** Element info: {Using=class name, value=account}]]>
            </message>
            <full-stacktrace>
              <![CDATA[org.openqa.selenium.NoSuchElementException: no such element: Unable to locate element: {"method":"class name","selector":"account"}
  (Session info: chrome=68.0.3440.106)
  (Driver info: chromedriver=2.41.578737 (49da6702b16031c40d63e5618de03a32ff6c197e),platform=Windows NT 10.0.10240 x86_64) (WARNING: The server did not provide any stacktrace information)
Command duration or timeout: 0 milliseconds
For documentation on this error, please visit: http://seleniumhq.org/exceptions/no_such_element.html
Build info: version: '3.11.0', revision: 'e59cfb3', time: '2018-03-11T20:26:55.152Z'
System info: host: 'LENOVO', ip: '192.168.43.132', os.name: 'Windows 10', os.arch: 'amd64', os.version: '10.0', java.version: '1.8.0_131'
Driver info: org.openqa.selenium.chrome.ChromeDriver
Capabilities {acceptInsecureCerts: false, acceptSslCerts: false, applicationCacheEnabled: false, browserConnectionEnabled: false, browserName: chrome, chrome: {chromedriverVersion: 2.41.578737 (49da6702b16031..., userDataDir: C:\Users\admin\AppData\Loca...}, cssSelectorsEnabled: true, databaseEnabled: false, goog:chromeOptions: {debuggerAddress: localhost:61216}, handlesAlerts: true, hasTouchScreen: false, javascriptEnabled: true, locationContextEnabled: true, mobileEmulationEnabled: false, nativeEvents: true, networkConnectionEnabled: false, pageLoadStrategy: normal, platform: XP, platformName: XP, rotatable: false, setWindowRect: true, takesHeapSnapshot: true, takesScreenshot: true, unexpectedAlertBehaviour: , unhandledPromptBehavior: , version: 68.0.3440.106, webStorageEnabled: true}
Session ID: e144ea73c63198e78444fae3053a5426
*** Element info: {Using=class name, value=account}
at sun.reflect.NativeConstructorAccessorImpl.newInstance0(Native Method)
at sun.reflect.NativeConstructorAccessorImpl.newInstance(NativeConstructorAccessorImpl.java:62)
at sun.reflect.DelegatingConstructorAccessorImpl.newInstance(DelegatingConstructorAccessorImpl.java:45)
at java.lang.reflect.Constructor.newInstance(Constructor.java:423)
at org.openqa.selenium.remote.ErrorHandler.createThrowable(ErrorHandler.java:214)
at org.openqa.selenium.remote.ErrorHandler.throwIfResponseFailed(ErrorHandler.java:166)
at org.openqa.selenium.remote.http.JsonHttpResponseCodec.reconstructValue(JsonHttpResponseCodec.java:40)
at org.openqa.selenium.remote.http.AbstractHttpResponseCodec.decode(AbstractHttpResponseCodec.java:80)
at org.openqa.selenium.remote.http.AbstractHttpResponseCodec.decode(AbstractHttpResponseCodec.java:44)
at org.openqa.selenium.remote.HttpCommandExecutor.execute(HttpCommandExecutor.java:158)
at org.openqa.selenium.remote.service.DriverCommandExecutor.execute(DriverCommandExecutor.java:83)
at org.openqa.selenium.remote.RemoteWebDriver.execute(RemoteWebDriver.java:545)
at org.openqa.selenium.remote.RemoteWebDriver.findElement(RemoteWebDriver.java:319)
at org.openqa.selenium.remote.RemoteWebDriver.findElementByClassName(RemoteWebDriver.java:405)
at org.openqa.selenium.By$ByClassName.findElement(By.java:391)
at org.openqa.selenium.remote.RemoteWebDriver.findElement(RemoteWebDriver.java:311)
at com.hellofresh.basetest.BaseTest.getelemnt(BaseTest.java:87)
at com.hellofresh.basetest.BaseTest.gettext(BaseTest.java:157)
at com.hellofresh.challenge.VerifyLoginIn.VerifyLogin(VerifyLoginIn.java:80)
at sun.reflect.NativeMethodAccessorImpl.invoke0(Native Method)
at sun.reflect.NativeMethodAccessorImpl.invoke(NativeMethodAccessorImpl.java:62)
at sun.reflect.DelegatingMethodAccessorImpl.invoke(DelegatingMethodAccessorImpl.java:43)
at java.lang.reflect.Method.invoke(Method.java:498)
at org.testng.internal.MethodInvocationHelper.invokeMethod(MethodInvocationHelper.java:124)
at org.testng.internal.Invoker.invokeMethod(Invoker.java:583)
at org.testng.internal.Invoker.invokeTestMethod(Invoker.java:719)
at org.testng.internal.Invoker.invokeTestMethods(Invoker.java:989)
at org.testng.internal.TestMethodWorker.invokeTestMethods(TestMethodWorker.java:125)
at org.testng.internal.TestMethodWorker.run(TestMethodWorker.java:109)
at org.testng.TestRunner.privateRun(TestRunner.java:648)
at org.testng.TestRunner.run(TestRunner.java:505)
at org.testng.SuiteRunner.runTest(SuiteRunner.java:455)
at org.testng.SuiteRunner.runSequentially(SuiteRunner.java:450)
at org.testng.SuiteRunner.privateRun(SuiteRunner.java:415)
at org.testng.SuiteRunner.run(SuiteRunner.java:364)
at org.testng.SuiteRunnerWorker.runSuite(SuiteRunnerWorker.java:52)
at org.testng.SuiteRunnerWorker.run(SuiteRunnerWorker.java:84)
at org.testng.TestNG.runSuitesSequentially(TestNG.java:1208)
at org.testng.TestNG.runSuitesLocally(TestNG.java:1137)
at org.testng.TestNG.runSuites(TestNG.java:1049)
at org.testng.TestNG.run(TestNG.java:1017)
at org.testng.remote.AbstractRemoteTestNG.run(AbstractRemoteTestNG.java:114)
at org.testng.remote.RemoteTestNG.initAndRun(RemoteTestNG.java:251)
at org.testng.remote.RemoteTestNG.main(RemoteTestNG.java:77)
]]>
            </full-stacktrace>
          </exception> <!-- org.openqa.selenium.NoSuchElementException -->
          <reporter-output>
          </reporter-output>
        </test-method> <!-- VerifyLogin -->
        <test-method status="PASS" signature="setup()[pri:0, instance:com.hellofresh.challenge.VerifyLoginIn@e45f292]" name="setup" is-config="true" duration-ms="0" started-at="2018-08-18T13:19:24Z" finished-at="2018-08-18T13:19:24Z">
          <reporter-output>
          </reporter-output>
        </test-method> <!-- setup -->
        <test-method status="PASS" signature="teardowbn()[pri:0, instance:com.hellofresh.challenge.VerifyLoginIn@e45f292]" name="teardowbn" is-config="true" duration-ms="63" started-at="2018-08-18T13:20:25Z" finished-at="2018-08-18T13:20:25Z">
          <reporter-output>
          </reporter-output>
        </test-method> <!-- teardowbn -->
        <test-method status="PASS" signature="close()[pri:0, instance:com.hellofresh.challenge.VerifyLoginIn@e45f292]" name="close" is-config="true" duration-ms="687" started-at="2018-08-18T13:20:25Z" finished-at="2018-08-18T13:20:25Z">
          <reporter-output>
          </reporter-output>
        </test-method> <!-- close -->
      </class> <!-- com.hellofresh.challenge.VerifyLoginIn -->
    </test> <!-- Test -->
  </suite> <!-- Suite -->
</testng-results>
